2016-07-12 10:03:01 [::1][-][-][error][yii\base\InvalidParamException] yii\base\InvalidParamException: The view file does not exist: C:\xampp2\htdocs\praktika\trunk\views\site\say.php in C:\xampp2\htdocs\praktika\trunk\vendor\yiisoft\yii2\base\View.php:226
Stack trace:
#0 C:\xampp2\htdocs\praktika\trunk\vendor\yiisoft\yii2\base\View.php(149): yii\base\View->renderFile('C:\\xampp2\\htdoc...', Array, Object(app\controllers\SiteController))
#1 C:\xampp2\htdocs\praktika\trunk\vendor\yiisoft\yii2\base\Controller.php(378): yii\base\View->render('say', Array, Object(app\controllers\SiteController))
#2 C:\xampp2\htdocs\praktika\trunk\controllers\SiteController.php(97): yii\base\Controller->render('say', Array)
#3 [internal function]: app\controllers\SiteController->actionSay('World')
#4 C:\xampp2\htdocs\praktika\trunk\vendor\yiisoft\yii2\base\InlineAction.php(55): call_user_func_array(Array, Array)
#5 C:\xampp2\htdocs\praktika\trunk\vendor\yiisoft\yii2\base\Controller.php(154): yii\base\InlineAction->runWithParams(Array)
#6 C:\xampp2\htdocs\praktika\trunk\vendor\yiisoft\yii2\base\Module.php(454): yii\base\Controller->runAction('say', Array)
#7 C:\xampp2\htdocs\praktika\trunk\vendor\yiisoft\yii2\web\Application.php(87): yii\base\Module->runAction('site/say', Array)
#8 C:\xampp2\htdocs\praktika\trunk\vendor\yiisoft\yii2\base\Application.php(375): yii\web\Application->handleRequest(Object(yii\web\Request))
#9 C:\xampp2\htdocs\praktika\trunk\web\index.php(12): yii\base\Application->run()
#10 {main}
2016-07-12 10:03:01 [::1][-][-][info][application] $_COOKIE = [
    '_csrf' => '3298dd6eb0d723b423f667fc28dfa6f711e2d311089627ed5137c8b5fc185730a:2:{i:0;s:5:\"_csrf\";i:1;s:32:\"PfN8fLsnHLsn6MGW32VFk2YmuRO5uvAS\";}'
    'PHPSESSID' => '9s6qtd32e5gpc4j9krqq88lte6'
]

$_SERVER = [
    'REDIRECT_MIBDIRS' => 'C:/xampp2/php/extras/mibs'
    'REDIRECT_MYSQL_HOME' => '\\xampp\\mysql\\bin'
    'REDIRECT_OPENSSL_CONF' => 'C:/xampp2/apache/bin/openssl.cnf'
    'REDIRECT_PHP_PEAR_SYSCONF_DIR' => '\\xampp\\php'
    'REDIRECT_PHPRC' => '\\xampp\\php'
    'REDIRECT_TMP' => '\\xampp\\tmp'
    'REDIRECT_STATUS' => '200'
    'MIBDIRS' => 'C:/xampp2/php/extras/mibs'
    'MYSQL_HOME' => '\\xampp\\mysql\\bin'
    'OPENSSL_CONF' => 'C:/xampp2/apache/bin/openssl.cnf'
    'PHP_PEAR_SYSCONF_DIR' => '\\xampp\\php'
    'PHPRC' => '\\xampp\\php'
    'TMP' => '\\xampp\\tmp'
    'HTTP_HOST' => 'localhost'
    'HTTP_CONNECTION' => 'keep-alive'
    'HTTP_UPGRADE_INSECURE_REQUESTS' => '1'
    'HTTP_USER_AGENT' => 'Mozilla/5.0 (Windows NT 6.1) AppleWebKit/537.36 (KHTML, like Gecko) Chrome/51.0.2704.103 Safari/537.36'
    'HTTP_ACCEPT' => 'text/html,application/xhtml+xml,application/xml;q=0.9,image/webp,*/*;q=0.8'
    'HTTP_REFERER' => 'http://localhost/praktika/trunk/web/site/contact'
    'HTTP_ACCEPT_ENCODING' => 'gzip, deflate, sdch'
    'HTTP_ACCEPT_LANGUAGE' => 'ru-RU,ru;q=0.8,en-US;q=0.6,en;q=0.4'
    'HTTP_COOKIE' => '_csrf=3298dd6eb0d723b423f667fc28dfa6f711e2d311089627ed5137c8b5fc185730a%3A2%3A%7Bi%3A0%3Bs%3A5%3A%22_csrf%22%3Bi%3A1%3Bs%3A32%3A%22PfN8fLsnHLsn6MGW32VFk2YmuRO5uvAS%22%3B%7D; PHPSESSID=9s6qtd32e5gpc4j9krqq88lte6'
    'PATH' => 'C:\\ProgramData\\Oracle\\Java\\javapath;C:\\Windows\\system32;C:\\Windows;C:\\Windows\\System32\\Wbem;C:\\Windows\\System32\\WindowsPowerShell\\v1.0\\;C:\\Program Files\\7-Zip;C:\\Program Files\\Skype\\Phone\\;C:\\xampp\\php;C:\\ProgramData\\ComposerSetup\\bin;C:\\Program Files\\TortoiseSVN\\bin;C:\\Program Files\\TortoiseGit\\bin'
    'SystemRoot' => 'C:\\Windows'
    'COMSPEC' => 'C:\\Windows\\system32\\cmd.exe'
    'PATHEXT' => '.COM;.EXE;.BAT;.CMD;.VBS;.VBE;.JS;.JSE;.WSF;.WSH;.MSC'
    'WINDIR' => 'C:\\Windows'
    'SERVER_SIGNATURE' => '<address>Apache/2.4.18 (Win32) OpenSSL/1.0.2e PHP/7.0.8 Server at localhost Port 80</address>
'
    'SERVER_SOFTWARE' => 'Apache/2.4.18 (Win32) OpenSSL/1.0.2e PHP/7.0.8'
    'SERVER_NAME' => 'localhost'
    'SERVER_ADDR' => '::1'
    'SERVER_PORT' => '80'
    'REMOTE_ADDR' => '::1'
    'DOCUMENT_ROOT' => 'C:/xampp2/htdocs'
    'REQUEST_SCHEME' => 'http'
    'CONTEXT_PREFIX' => ''
    'CONTEXT_DOCUMENT_ROOT' => 'C:/xampp2/htdocs'
    'SERVER_ADMIN' => 'postmaster@localhost'
    'SCRIPT_FILENAME' => 'C:/xampp2/htdocs/praktika/trunk/web/index.php'
    'REMOTE_PORT' => '51490'
    'REDIRECT_URL' => '/praktika/trunk/web/site/say'
    'GATEWAY_INTERFACE' => 'CGI/1.1'
    'SERVER_PROTOCOL' => 'HTTP/1.1'
    'REQUEST_METHOD' => 'GET'
    'QUERY_STRING' => ''
    'REQUEST_URI' => '/praktika/trunk/web/site/say'
    'SCRIPT_NAME' => '/praktika/trunk/web/index.php'
    'PHP_SELF' => '/praktika/trunk/web/index.php'
    'REQUEST_TIME_FLOAT' => 1468310581.041
    'REQUEST_TIME' => 1468310581
]
